{
  "RSpec": {
    "coverage": {
      "/Users/john/Dropbox/John/projects/mini_transformer/lib/mini_transformer.rb": [
        1,
        1,
        1,
        1,
        1,
        1,
        1,
        1,
        1,
        1,
        1,
        1,
        1,
        1,
        null,
        1,
        1,
        1,
        17,
        15,
        15,
        15,
        15,
        73,
        null,
        15,
        null,
        15,
        15,
        null,
        null,
        2,
        null,
        null,
        null,
        15,
        null,
        7,
        null,
        null,
        15,
        8,
        null,
        null,
        15,
        15,
        null,
        15,
        15,
        15,
        null,
        15,
        15,
        null,
        null,
        1,
        14,
        1,
        null,
        13,
        null,
        null,
        1,
        12,
        12,
        null,
        12,
        12,
        null,
        12,
        12,
        12,
        12,
        null,
        12,
        84,
        36,
        36,
        180,
        72,
        36,
        null,
        36,
        null,
        null,
        null,
        36,
        null,
        null,
        null,
        null,
        1,
        4,
        null,
        4,
        4,
        4,
        null,
        2,
        2,
        2,
        null,
        2,
        null,
        null,
        null,
        null,
        1,
        7,
        null,
        null,
        7,
        10,
        null,
        2,
        2,
        null,
        2,
        null,
        null,
        null,
        null,
        7,
        null,
        null,
        null,
        null
      ],
      "/Users/john/Dropbox/John/projects/mini_transformer/lib/mini_transformer/cli.rb": [
        1,
        1,
        1,
        null,
        null,
        null,
        null,
        null,
        null,
        null,
        null,
        null,
        null,
        null,
        null,
        1,
        1,
        3,
        2,
        null,
        null,
        null,
        null,
        null,
        null,
        null,
        null,
        null,
        null,
        3,
        3,
        2,
        2,
        null,
        2,
        1,
        null,
        1,
        null,
        null,
        null,
        null,
        null,
        null,
        1,
        null,
        null,
        null,
        null,
        null,
        null,
        1,
        1,
        1,
        1,
        null,
        null,
        1,
        null,
        null
      ],
      "/Users/john/Dropbox/John/projects/mini_transformer/lib/mini_transformer/book.rb": [
        1,
        1,
        1,
        null,
        null,
        null,
        null,
        null,
        null,
        null,
        1,
        null,
        null,
        null,
        null,
        null,
        null,
        null,
        4,
        null,
        null,
        null,
        null
      ],
      "/Users/john/Dropbox/John/projects/mini_transformer/lib/mini_transformer/key_list.rb": [
        1,
        1,
        1,
        null,
        1,
        null,
        null,
        null,
        null,
        null,
        null,
        null,
        null,
        null,
        4,
        null,
        null,
        null,
        null
      ],
      "/Users/john/Dropbox/John/projects/mini_transformer/lib/mini_transformer/entry.rb": [
        1,
        1,
        1,
        null,
        1,
        null,
        null,
        null,
        null,
        null,
        null,
        null,
        1,
        null,
        null,
        null,
        null
      ],
      "/Users/john/Dropbox/John/projects/mini_transformer/lib/mini_transformer/html.rb": [
        1,
        null,
        1,
        null,
        7,
        7,
        7,
        7,
        7,
        7,
        null,
        null,
        7,
        7,
        7,
        7,
        14,
        null,
        7,
        null,
        null,
        7,
        null,
        7,
        7,
        14,
        7,
        null,
        null,
        7,
        7,
        7,
        7,
        null,
        7,
        7,
        7,
        null,
        7,
        null,
        7,
        4,
        4,
        12,
        3,
        3,
        3,
        null,
        3,
        3,
        null,
        null,
        null,
        9,
        9,
        null,
        9,
        9,
        null,
        null,
        null,
        null,
        null,
        3,
        3,
        9,
        9,
        null,
        9,
        9,
        null,
        null,
        null,
        null,
        null,
        null,
        null,
        null,
        null,
        7,
        null,
        null,
        7,
        7,
        null,
        null,
        7,
        null,
        null,
        7,
        7,
        null,
        null,
        null
      ]
    },
    "timestamp": 1320611045
  }
}
